<?xml version="1.0" encoding="UTF-8"?>
<testng-results ignored="0" total="1" passed="1" failed="0" skipped="0">
  <reporter-output>
  </reporter-output>
  <suite started-at="2024-05-16T17:43:18 IST" name="Suite" finished-at="2024-05-16T17:43:24 IST" duration-ms="6187">
    <groups>
    </groups>
    <test started-at="2024-05-16T17:43:18 IST" name="Test" finished-at="2024-05-16T17:43:24 IST" duration-ms="6187">
      <class name="Test.LoginTest">
        <test-method is-config="true" signature="setup()[pri:0, instance:Test.LoginTest@368f2016]" started-at="2024-05-16T17:43:18 IST" name="setup" finished-at="2024-05-16T17:43:24 IST" duration-ms="5988" status="PASS">
          <reporter-output>
          </reporter-output>
        </test-method> <!-- setup -->
        <test-method signature="loginTest()[pri:0, instance:Test.LoginTest@368f2016]" started-at="2024-05-16T17:43:24 IST" name="loginTest" finished-at="2024-05-16T17:43:24 IST" duration-ms="6" status="PASS">
          <reporter-output>
          </reporter-output>
        </test-method> <!-- loginTest -->
        <test-method is-config="true" signature="teardown()[pri:0, instance:Test.LoginTest@368f2016]" started-at="2024-05-16T17:43:24 IST" name="teardown" finished-at="2024-05-16T17:43:24 IST" duration-ms="147" status="PASS">
          <reporter-output>
          </reporter-output>
        </test-method> <!-- teardown -->
      </class> <!-- Test.LoginTest -->
    </test> <!-- Test -->
  </suite> <!-- Suite -->
</testng-results>
